decode Counter.rsc
Counter 6ee7d4b8    0   176
imports:
type descriptors

data    12
strings

code
   0	 e7000007	B       7               // GOTO 8
   1	 0	MOV  R0  R0  R0
   2	 0	MOV  R0  R0  R0
   3	 0	MOV  R0  R0  R0
   4	 0	MOV  R0  R0  R0
   5	 0	MOV  R0  R0  R0
   6	 0	MOV  R0  R0  R0
   7	 0	MOV  R0  R0  R0
   8	 4d000010	MOV SB  R0     16       // Initialize data  at 0x00000010
   9	 5e00ffc0	MOV SP  R0    -64       // Initialize stack at 0xffffffc0
  10	 40000001	MOV  R0  R0      1      //
  11	 5100ffc4	MOV  R1  R0    -60      //
  12	 a0100000	STR   R0  R1       0    // LED(1)
  13	 40000000	MOV  R0  R0      0      //
  14	 a0d00008	STR   R0 SB       8     // z := 0;
  15	 80d00008	LDR  R0 SB       8      // REPEAT
  16	 5100ffc4	MOV  R1  R0    -60      //
  17	 a0100000	STR   R0  R1       0    //   LED(z);
  18	 400003e8	MOV  R0  R0   1000      //
  19	 a0d00000	STR   R0 SB       0     //   x := 1000;
  20	 400003e8	MOV  R0  R0   1000      //   REPEAT
  21	 a0d00004	STR   R0 SB       4     //     y := 1000;
  22	 80d00004	LDR  R0 SB       4      //     REPEAT
  23	 40090001	SUB  R0  R0      1      //
  24	 a0d00004	STR   R0 SB       4     //       y := y - 1;
  25	 80d00004	LDR  R0 SB       4      //
  26	 e9fffffb	BNE       -5            //     UNTIL y = 0;
  27	 80d00000	LDR  R0 SB       0      //
  28	 40090001	SUB  R0  R0      1      //
  29	 a0d00000	STR   R0 SB       0     //     x := x - 1;
  30	 80d00000	LDR  R0 SB       0      //
  31	 e9fffff4	BNE      -12            //   UNTIL x = 0;
  32	 80d00008	LDR  R0 SB       8      //
  33	 40080001	ADD  R0  R0      1      //
  34	 a0d00008	STR   R0 SB       8     //   z := z + 1;
  35	 e7ffffeb	B     -21               // UNTIL FALSE:
  36	 40000000	MOV  R0  R0      0
  37	 c7000000	B  R0
commands:
entries
    32
pointer refs

fixP =        0
fixD =        0
fixT =        0
entry =       32
